Info: Starting: Create block symbol file (.bsf)
Info: ip-generate --project-directory=E:/maitreyi/Digital_Oscilloscope/ --output-directory=E:/maitreyi/Digital_Oscilloscope/Scope/ --report-file=bsf:E:/maitreyi/Digital_Oscilloscope/Scope.bsf --system-info=DEVICE_FAMILY="Cyclone III" --system-info=DEVICE=EP3C25Q240C8 --system-info=DEVICE_SPEEDGRADE=8 --component-file=E:/maitreyi/Digital_Oscilloscope/Scope.qsys
Progress: Loading Digital_Oscilloscope/Scope.qsys
Progress: Reading input file
Progress: Adding nios2_qsys_0 [altera_nios2_qsys 13.1]
Progress: Parameterizing module nios2_qsys_0
Progress: Adding reset_controller_0 [altera_reset_controller 13.1]
Progress: Parameterizing module reset_controller_0
Progress: Adding clk_0 [clock_source 13.1]
Progress: Parameterizing module clk_0
Progress: Adding onchip_memory2_0 [altera_avalon_onchip_memory2 13.1]
Progress: Parameterizing module onchip_memory2_0
Progress: Adding jtag_uart_0 [altera_avalon_jtag_uart 13.1]
Progress: Parameterizing module jtag_uart_0
Progress: Adding EEROM [altera_generic_tristate_controller 13.1]
Progress: Parameterizing module EEROM
Progress: Adding SRAM [altera_generic_tristate_controller 13.1]
Progress: Parameterizing module SRAM
Progress: Adding Memory_Pin_Sharer [altera_tristate_conduit_pin_sharer 13.1]
Progress: Parameterizing module Memory_Pin_Sharer
Progress: Adding RAM_ROM_Bridge [altera_tristate_conduit_bridge 13.1]
Progress: Parameterizing module RAM_ROM_Bridge
Progress: Adding Rotary_Encoder [altera_avalon_pio 13.1]
Progress: Parameterizing module Rotary_Encoder
Progress: Adding VRAM [altera_generic_tristate_controller 13.1]
Progress: Parameterizing module VRAM
Progress: Adding VRAM_Bridge [altera_tristate_conduit_bridge 13.1]
Progress: Parameterizing module VRAM_Bridge
Progress: Building connections
Progress: Parameterizing connections
Progress: Validating
Progress: Done reading input file
Info: Scope.Rotary_Encoder: PIO inputs are not hardwired in test bench. Undefined values will be read from PIO inputs during simulation.
Info: ip-generate succeeded.
Info: Finished: Create block symbol file (.bsf)
Info: 
Info: Starting: Create HDL design files for synthesis
Info: ip-generate --project-directory=E:/maitreyi/Digital_Oscilloscope/ --output-directory=E:/maitreyi/Digital_Oscilloscope/Scope/synthesis/ --file-set=QUARTUS_SYNTH --report-file=html:E:/maitreyi/Digital_Oscilloscope/Scope.html --report-file=sopcinfo:E:/maitreyi/Digital_Oscilloscope/Scope.sopcinfo --report-file=cmp:E:/maitreyi/Digital_Oscilloscope/Scope.cmp --report-file=qip:E:/maitreyi/Digital_Oscilloscope/Scope/synthesis/Scope.qip --report-file=svd --report-file=regmap:E:/maitreyi/Digital_Oscilloscope/Scope/synthesis/Scope.regmap --report-file=debuginfo:E:/maitreyi/Digital_Oscilloscope/Scope/synthesis/Scope.debuginfo --system-info=DEVICE_FAMILY="Cyclone III" --system-info=DEVICE=EP3C25Q240C8 --system-info=DEVICE_SPEEDGRADE=8 --component-file=E:/maitreyi/Digital_Oscilloscope/Scope.qsys --language=VHDL
Progress: Loading Digital_Oscilloscope/Scope.qsys
Progress: Reading input file
Progress: Adding nios2_qsys_0 [altera_nios2_qsys 13.1]
Progress: Parameterizing module nios2_qsys_0
Progress: Adding reset_controller_0 [altera_reset_controller 13.1]
Progress: Parameterizing module reset_controller_0
Progress: Adding clk_0 [clock_source 13.1]
Progress: Parameterizing module clk_0
Progress: Adding onchip_memory2_0 [altera_avalon_onchip_memory2 13.1]
Progress: Parameterizing module onchip_memory2_0
Progress: Adding jtag_uart_0 [altera_avalon_jtag_uart 13.1]
Progress: Parameterizing module jtag_uart_0
Progress: Adding EEROM [altera_generic_tristate_controller 13.1]
Progress: Parameterizing module EEROM
Progress: Adding SRAM [altera_generic_tristate_controller 13.1]
Progress: Parameterizing module SRAM
Progress: Adding Memory_Pin_Sharer [altera_tristate_conduit_pin_sharer 13.1]
Progress: Parameterizing module Memory_Pin_Sharer
Progress: Adding RAM_ROM_Bridge [altera_tristate_conduit_bridge 13.1]
Progress: Parameterizing module RAM_ROM_Bridge
Progress: Adding Rotary_Encoder [altera_avalon_pio 13.1]
Progress: Parameterizing module Rotary_Encoder
Progress: Adding VRAM [altera_generic_tristate_controller 13.1]
Progress: Parameterizing module VRAM
Progress: Adding VRAM_Bridge [altera_tristate_conduit_bridge 13.1]
Progress: Parameterizing module VRAM_Bridge
Progress: Building connections
Progress: Parameterizing connections
Progress: Validating
Progress: Done reading input file
Info: Scope.Rotary_Encoder: PIO inputs are not hardwired in test bench. Undefined values will be read from PIO inputs during simulation.
Info: Scope: Generating Scope "Scope" for QUARTUS_SYNTH
Info: pipeline_bridge_swap_transform: After transform: 12 modules, 63 connections
Info: No custom instruction connections, skipping transform 
Info: merlin_initial_interconnect_transform: After transform: 9 modules, 42 connections
Info: merlin_translator_transform: After transform: 18 modules, 87 connections
Info: merlin_domain_transform: After transform: 35 modules, 221 connections
Info: merlin_router_transform: After transform: 44 modules, 266 connections
Info: merlin_traffic_limiter_transform: After transform: 46 modules, 278 connections
Info: merlin_burst_transform: After transform: 49 modules, 293 connections
Info: merlin_network_to_switch_transform: After transform: 66 modules, 357 connections
Info: merlin_width_transform: After transform: 72 modules, 387 connections
Info: limiter_update_transform: After transform: 72 modules, 389 connections
Info: merlin_clock_and_reset_bridge_transform: After transform: 74 modules, 461 connections
Info: merlin_hierarchy_transform: After transform: 13 modules, 62 connections
Info: merlin_mm_transform: After transform: 13 modules, 62 connections
Info: merlin_interrupt_mapper_transform: After transform: 14 modules, 67 connections
Info: reset_adaptation_transform: After transform: 17 modules, 59 connections
Info: nios2_qsys_0: Starting RTL generation for module 'Scope_nios2_qsys_0'
Info: nios2_qsys_0:   Generation command is [exec C:/altera/13.1/quartus/bin/eperlcmd.exe -I C:/altera/13.1/quartus/bin/perl/lib -I C:/altera/13.1/quartus/sopc_builder/bin/europa -I C:/altera/13.1/quartus/sopc_builder/bin/perl_lib -I C:/altera/13.1/quartus/sopc_builder/bin -I C:/altera/13.1/quartus/../ip/altera/nios2_ip/altera_nios2/cpu_lib -I C:/altera/13.1/quartus/../ip/altera/nios2_ip/altera_nios2/nios_lib -I C:/altera/13.1/quartus/../ip/altera/nios2_ip/altera_nios2 -I C:/altera/13.1/quartus/../ip/altera/nios2_ip/altera_nios2 -- C:/altera/13.1/quartus/../ip/altera/nios2_ip/altera_nios2/generate_rtl.epl --name=Scope_nios2_qsys_0 --dir=D:/temp/alt7332_8603195951285351767.dir/0209_nios2_qsys_0_gen/ --quartus_dir=C:/altera/13.1/quartus --verilog --config=D:/temp/alt7332_8603195951285351767.dir/0209_nios2_qsys_0_gen//Scope_nios2_qsys_0_processor_configuration.pl  --do_build_sim=0  ]
Info: nios2_qsys_0: # 2017.06.16 02:54:05 (*) Starting Nios II generation
Info: nios2_qsys_0: # 2017.06.16 02:54:05 (*)   Checking for plaintext license.
Info: nios2_qsys_0: # 2017.06.16 02:54:06 (*)   Plaintext license not found.
Info: nios2_qsys_0: # 2017.06.16 02:54:06 (*)   Checking for encrypted license (non-evaluation).
Info: nios2_qsys_0: # 2017.06.16 02:54:07 (*)   Encrypted license found.  SOF will not be time-limited.
Info: nios2_qsys_0: # 2017.06.16 02:54:07 (*)   Elaborating CPU configuration settings
Info: nios2_qsys_0: # 2017.06.16 02:54:08 (*)   Creating all objects for CPU
Info: nios2_qsys_0: # 2017.06.16 02:54:08 (*)     Testbench
Info: nios2_qsys_0: # 2017.06.16 02:54:08 (*)     Instruction decoding
Info: nios2_qsys_0: # 2017.06.16 02:54:08 (*)       Instruction fields
Info: nios2_qsys_0: # 2017.06.16 02:54:08 (*)       Instruction decodes
Info: nios2_qsys_0: # 2017.06.16 02:54:08 (*)       Signals for RTL simulation waveforms
Info: nios2_qsys_0: # 2017.06.16 02:54:08 (*)       Instruction controls
Info: nios2_qsys_0: # 2017.06.16 02:54:09 (*)     Pipeline frontend
Info: nios2_qsys_0: # 2017.06.16 02:54:09 (*)     Pipeline backend
Info: nios2_qsys_0: # 2017.06.16 02:54:11 (*)   Generating RTL from CPU objects
Info: nios2_qsys_0: # 2017.06.16 02:54:14 (*)   Creating encrypted RTL
Info: nios2_qsys_0: # 2017.06.16 02:54:15 (*) Done Nios II generation
Info: nios2_qsys_0: Done RTL generation for module 'Scope_nios2_qsys_0'
Info: nios2_qsys_0: "Scope" instantiated altera_nios2_qsys "nios2_qsys_0"
Info: reset_controller_0: "Scope" instantiated altera_reset_controller "reset_controller_0"
Info: onchip_memory2_0: Starting RTL generation for module 'Scope_onchip_memory2_0'
Info: onchip_memory2_0:   Generation command is [exec C:/altera/13.1/quartus/bin/perl/bin/perl.exe -I C:/altera/13.1/quartus/bin/perl/lib -I C:/altera/13.1/quartus/sopc_builder/bin/europa -I C:/altera/13.1/quartus/sopc_builder/bin/perl_lib -I C:/altera/13.1/quartus/sopc_builder/bin -I C:/altera/13.1/quartus/../ip/altera/sopc_builder_ip/common -I C:/altera/13.1/quartus/../ip/altera/sopc_builder_ip/altera_avalon_onchip_memory2 -- C:/altera/13.1/quartus/../ip/altera/sopc_builder_ip/altera_avalon_onchip_memory2/generate_rtl.pl --name=Scope_onchip_memory2_0 --dir=D:/temp/alt7332_8603195951285351767.dir/0211_onchip_memory2_0_gen/ --quartus_dir=C:/altera/13.1/quartus --verilog --config=D:/temp/alt7332_8603195951285351767.dir/0211_onchip_memory2_0_gen//Scope_onchip_memory2_0_component_configuration.pl  --do_build_sim=0  ]
Info: onchip_memory2_0: Done RTL generation for module 'Scope_onchip_memory2_0'
Info: onchip_memory2_0: "Scope" instantiated altera_avalon_onchip_memory2 "onchip_memory2_0"
Info: jtag_uart_0: Starting RTL generation for module 'Scope_jtag_uart_0'
Info: jtag_uart_0:   Generation command is [exec C:/altera/13.1/quartus/bin/perl/bin/perl.exe -I C:/altera/13.1/quartus/bin/perl/lib -I C:/altera/13.1/quartus/sopc_builder/bin/europa -I C:/altera/13.1/quartus/sopc_builder/bin/perl_lib -I C:/altera/13.1/quartus/sopc_builder/bin -I C:/altera/13.1/quartus/../ip/altera/sopc_builder_ip/common -I C:/altera/13.1/quartus/../ip/altera/sopc_builder_ip/altera_avalon_jtag_uart -- C:/altera/13.1/quartus/../ip/altera/sopc_builder_ip/altera_avalon_jtag_uart/generate_rtl.pl --name=Scope_jtag_uart_0 --dir=D:/temp/alt7332_8603195951285351767.dir/0212_jtag_uart_0_gen/ --quartus_dir=C:/altera/13.1/quartus --verilog --config=D:/temp/alt7332_8603195951285351767.dir/0212_jtag_uart_0_gen//Scope_jtag_uart_0_component_configuration.pl  --do_build_sim=0  ]
Info: jtag_uart_0: Done RTL generation for module 'Scope_jtag_uart_0'
Info: jtag_uart_0: "Scope" instantiated altera_avalon_jtag_uart "jtag_uart_0"
Info: pipeline_bridge_swap_transform: After transform: 5 modules, 10 connections
Info: No custom instruction connections, skipping transform 
Info: merlin_initial_interconnect_transform: After transform: 0 modules, 0 connections
Info: No Avalon connections, skipping transform 
Info: merlin_hierarchy_transform: After transform: 5 modules, 10 connections
Info: merlin_initial_interconnect_transform: After transform: 0 modules, 0 connections
Info: No Avalon connections, skipping transform 
Info: merlin_hierarchy_transform: After transform: 5 modules, 10 connections
Info: EEROM: "Scope" instantiated altera_generic_tristate_controller "EEROM"
Info: pipeline_bridge_swap_transform: After transform: 5 modules, 10 connections
Info: No custom instruction connections, skipping transform 
Info: merlin_initial_interconnect_transform: After transform: 0 modules, 0 connections
Info: No Avalon connections, skipping transform 
Info: merlin_hierarchy_transform: After transform: 5 modules, 10 connections
Info: merlin_initial_interconnect_transform: After transform: 0 modules, 0 connections
Info: No Avalon connections, skipping transform 
Info: merlin_hierarchy_transform: After transform: 5 modules, 10 connections
Info: SRAM: "Scope" instantiated altera_generic_tristate_controller "SRAM"
Info: pipeline_bridge_swap_transform: After transform: 4 modules, 8 connections
Info: No custom instruction connections, skipping transform 
Info: Memory_Pin_Sharer: "Scope" instantiated altera_tristate_conduit_pin_sharer "Memory_Pin_Sharer"
Info: RAM_ROM_Bridge: "Scope" instantiated altera_tristate_conduit_bridge "RAM_ROM_Bridge"
Info: Rotary_Encoder: Starting RTL generation for module 'Scope_Rotary_Encoder'
Info: Rotary_Encoder:   Generation command is [exec C:/altera/13.1/quartus/bin/perl/bin/perl.exe -I C:/altera/13.1/quartus/bin/perl/lib -I C:/altera/13.1/quartus/sopc_builder/bin/europa -I C:/altera/13.1/quartus/sopc_builder/bin/perl_lib -I C:/altera/13.1/quartus/sopc_builder/bin -I C:/altera/13.1/quartus/../ip/altera/sopc_builder_ip/common -I C:/altera/13.1/quartus/../ip/altera/sopc_builder_ip/altera_avalon_pio -- C:/altera/13.1/quartus/../ip/altera/sopc_builder_ip/altera_avalon_pio/generate_rtl.pl --name=Scope_Rotary_Encoder --dir=D:/temp/alt7332_8603195951285351767.dir/0214_Rotary_Encoder_gen/ --quartus_dir=C:/altera/13.1/quartus --verilog --config=D:/temp/alt7332_8603195951285351767.dir/0214_Rotary_Encoder_gen//Scope_Rotary_Encoder_component_configuration.pl  --do_build_sim=0  ]
Info: Rotary_Encoder: Done RTL generation for module 'Scope_Rotary_Encoder'
Info: Rotary_Encoder: "Scope" instantiated altera_avalon_pio "Rotary_Encoder"
Info: pipeline_bridge_swap_transform: After transform: 5 modules, 10 connections
Info: No custom instruction connections, skipping transform 
Info: merlin_initial_interconnect_transform: After transform: 0 modules, 0 connections
Info: No Avalon connections, skipping transform 
Info: merlin_hierarchy_transform: After transform: 5 modules, 10 connections
Info: merlin_initial_interconnect_transform: After transform: 0 modules, 0 connections
Info: No Avalon connections, skipping transform 
Info: merlin_hierarchy_transform: After transform: 5 modules, 10 connections
Info: VRAM: "Scope" instantiated altera_generic_tristate_controller "VRAM"
Info: VRAM_Bridge: "Scope" instantiated altera_tristate_conduit_bridge "VRAM_Bridge"
Info: pipeline_bridge_swap_transform: After transform: 65 modules, 227 connections
Info: No custom instruction connections, skipping transform 
Info: merlin_initial_interconnect_transform: After transform: 0 modules, 0 connections
Info: No Avalon connections, skipping transform 
Info: merlin_hierarchy_transform: After transform: 65 modules, 227 connections
Info: merlin_initial_interconnect_transform: After transform: 0 modules, 0 connections
Info: No Avalon connections, skipping transform 
Info: merlin_hierarchy_transform: After transform: 65 modules, 227 connections
Info: merlin_initial_interconnect_transform: After transform: 0 modules, 0 connections
Info: No Avalon connections, skipping transform 
Info: merlin_hierarchy_transform: After transform: 65 modules, 227 connections
Info: merlin_initial_interconnect_transform: After transform: 0 modules, 0 connections
Info: No Avalon connections, skipping transform 
Info: merlin_hierarchy_transform: After transform: 65 modules, 227 connections
Info: merlin_initial_interconnect_transform: After transform: 0 modules, 0 connections
Info: No Avalon connections, skipping transform 
Info: merlin_hierarchy_transform: After transform: 65 modules, 227 connections
Info: merlin_initial_interconnect_transform: After transform: 0 modules, 0 connections
Info: No Avalon connections, skipping transform 
Info: merlin_hierarchy_transform: After transform: 65 modules, 227 connections
Info: merlin_initial_interconnect_transform: After transform: 0 modules, 0 connections
Info: No Avalon connections, skipping transform 
Info: merlin_hierarchy_transform: After transform: 65 modules, 227 connections
Info: merlin_initial_interconnect_transform: After transform: 0 modules, 0 connections
Info: No Avalon connections, skipping transform 
Info: merlin_hierarchy_transform: After transform: 65 modules, 227 connections
Info: merlin_initial_interconnect_transform: After transform: 0 modules, 0 connections
Info: No Avalon connections, skipping transform 
Info: merlin_hierarchy_transform: After transform: 65 modules, 227 connections
Info: mm_interconnect_0: "Scope" instantiated altera_merlin_interconnect_wrapper "mm_interconnect_0"
Info: irq_mapper: "Scope" instantiated altera_irq_mapper "irq_mapper"
Info: tdt: "EEROM" instantiated altera_tristate_controller_translator "tdt"
Info: slave_translator: "EEROM" instantiated altera_merlin_slave_translator "slave_translator"
Info: tda: "EEROM" instantiated altera_tristate_controller_aggregator "tda"
Info: pin_sharer: "Memory_Pin_Sharer" instantiated altera_tristate_conduit_pin_sharer_core "pin_sharer"
Info: arbiter: "Memory_Pin_Sharer" instantiated altera_merlin_std_arbitrator "arbiter"
Info: nios2_qsys_0_instruction_master_translator: "mm_interconnect_0" instantiated altera_merlin_master_translator "nios2_qsys_0_instruction_master_translator"
Info: nios2_qsys_0_instruction_master_translator_avalon_universal_master_0_agent: "mm_interconnect_0" instantiated altera_merlin_master_agent "nios2_qsys_0_instruction_master_translator_avalon_universal_master_0_agent"
Info: nios2_qsys_0_jtag_debug_module_translator_avalon_universal_slave_0_agent: "mm_interconnect_0" instantiated altera_merlin_slave_agent "nios2_qsys_0_jtag_debug_module_translator_avalon_universal_slave_0_agent"
Info: nios2_qsys_0_jtag_debug_module_translator_avalon_universal_slave_0_agent_rsp_fifo: "mm_interconnect_0" instantiated altera_avalon_sc_fifo "nios2_qsys_0_jtag_debug_module_translator_avalon_universal_slave_0_agent_rsp_fifo"
Info: addr_router: "mm_interconnect_0" instantiated altera_merlin_router "addr_router"
Info: id_router: "mm_interconnect_0" instantiated altera_merlin_router "id_router"
Info: id_router_003: "mm_interconnect_0" instantiated altera_merlin_router "id_router_003"
Info: limiter: "mm_interconnect_0" instantiated altera_merlin_traffic_limiter "limiter"
Info: Reusing file E:/maitreyi/Digital_Oscilloscope/Scope/synthesis/submodules/altera_avalon_sc_fifo.v
Info: burst_adapter: "mm_interconnect_0" instantiated altera_merlin_burst_adapter "burst_adapter"
Info: cmd_xbar_demux: "mm_interconnect_0" instantiated altera_merlin_demultiplexer "cmd_xbar_demux"
Info: cmd_xbar_mux: "mm_interconnect_0" instantiated altera_merlin_multiplexer "cmd_xbar_mux"
Info: rsp_xbar_demux: "mm_interconnect_0" instantiated altera_merlin_demultiplexer "rsp_xbar_demux"
Info: rsp_xbar_mux: "mm_interconnect_0" instantiated altera_merlin_multiplexer "rsp_xbar_mux"
Info: Reusing file E:/maitreyi/Digital_Oscilloscope/Scope/synthesis/submodules/altera_merlin_arbitrator.sv
Info: width_adapter: "mm_interconnect_0" instantiated altera_merlin_width_adapter "width_adapter"
Info: Reusing file E:/maitreyi/Digital_Oscilloscope/Scope/synthesis/submodules/altera_merlin_address_alignment.sv
Info: Reusing file E:/maitreyi/Digital_Oscilloscope/Scope/synthesis/submodules/altera_merlin_burst_uncompressor.sv
Info: Scope: Done "Scope" with 33 modules, 59 files, 1848886 bytes
Info: ip-generate succeeded.
Info: Finished: Create HDL design files for synthesis
